Base path: C:/Program Files/Unity/Editor/Data
Pipe name: \\.\pipe\UnityShaderCompiler-64bit-2-9480
Cmd: getPlatforms
Cmd: compileSnippet
  api=4 type=0 insize=938 outsize=4792 kw=POINT_COOKIE SHADOWS_OFF pd= ok=1
Cmd: compileSnippet
  api=4 type=0 insize=938 outsize=4459 kw=DIRECTIONAL SHADOWS_SCREEN pd= ok=1
Cmd: compileSnippet
  api=4 type=0 insize=938 outsize=4938 kw=POINT_COOKIE SHADOWS_CUBE pd= ok=1
Cmd: compileSnippet
  api=4 type=1 insize=938 outsize=6458 kw=SPOT SHADOWS_OFF pd= ok=1
Cmd: compileSnippet
  api=4 type=1 insize=938 outsize=6084 kw=DIRECTIONAL_COOKIE SHADOWS_SCREEN pd= ok=1
Cmd: compileSnippet
  api=4 type=1 insize=938 outsize=6904 kw=POINT_COOKIE SHADOWS_CUBE pd= ok=1
Cmd: compileSnippet
  api=4 type=0 insize=1152 outsize=4703 kw=LIGHTMAP_OFF DIRLIGHTMAP_COMBINED DYNAMICLIGHTMAP_OFF pd= ok=1
Cmd: compileSnippet
  api=4 type=0 insize=1152 outsize=4703 kw=LIGHTMAP_OFF DIRLIGHTMAP_SEPARATE DYNAMICLIGHTMAP_OFF UNITY_HDR_ON pd= ok=1
Cmd: compileSnippet
  api=4 type=1 insize=1152 outsize=2818 kw=LIGHTMAP_OFF DIRLIGHTMAP_SEPARATE DYNAMICLIGHTMAP_OFF pd= ok=1
Cmd: compileSnippet
  api=4 type=1 insize=1152 outsize=2769 kw=LIGHTMAP_OFF DIRLIGHTMAP_SEPARATE DYNAMICLIGHTMAP_OFF UNITY_HDR_ON pd= ok=1
Cmd: compileSnippet
  api=4 type=0 insize=886 outsize=5726 kw=DIRECTIONAL SHADOWS_OFF LIGHTMAP_OFF DIRLIGHTMAP_OFF DYNAMICLIGHTMAP_OFF VERTEXLIGHT_ON pd= ok=1
Cmd: compileSnippet
  api=8 type=0 insize=886 outsize=7402 kw=DIRECTIONAL SHADOWS_SCREEN SHADOWS_NATIVE LIGHTMAP_OFF DIRLIGHTMAP_OFF DYNAMICLIGHTMAP_OFF pd=UNITY_NO_SCREENSPACE_SHADOWS UNITY_NO_LINEAR_COLORSPACE ok=1
Cmd: compileSnippet
  api=4 type=1 insize=886 outsize=4337 kw=DIRECTIONAL SHADOWS_SCREEN LIGHTMAP_OFF DIRLIGHTMAP_OFF DYNAMICLIGHTMAP_OFF pd= ok=1
Cmd: compileSnippet
  api=8 type=0 insize=816 outsize=7410 kw=POINT SHADOWS_OFF pd=UNITY_NO_SCREENSPACE_SHADOWS UNITY_NO_LINEAR_COLORSPACE ok=1
Cmd: compileSnippet
  api=4 type=0 insize=816 outsize=5101 kw=POINT_COOKIE SHADOWS_OFF pd= ok=1
Cmd: compileSnippet
  api=8 type=0 insize=816 outsize=7231 kw=DIRECTIONAL_COOKIE SHADOWS_OFF pd=UNITY_NO_SCREENSPACE_SHADOWS UNITY_NO_LINEAR_COLORSPACE ok=1
Cmd: compileSnippet
  api=4 type=0 insize=816 outsize=5247 kw=POINT SHADOWS_CUBE pd= ok=1
Cmd: compileSnippet
  api=8 type=0 insize=816 outsize=7589 kw=POINT_COOKIE SHADOWS_CUBE pd=UNITY_NO_SCREENSPACE_SHADOWS UNITY_NO_LINEAR_COLORSPACE ok=1
Cmd: compileSnippet
  api=4 type=1 insize=816 outsize=2582 kw=DIRECTIONAL SHADOWS_OFF pd= ok=1
Cmd: compileSnippet
  api=8 type=1 insize=816 outsize=5086 kw=SPOT SHADOWS_OFF pd=UNITY_NO_SCREENSPACE_SHADOWS UNITY_NO_LINEAR_COLORSPACE ok=1
Cmd: compileSnippet
  api=4 type=1 insize=816 outsize=3914 kw=SPOT SHADOWS_DEPTH SHADOWS_NATIVE pd= ok=1
Cmd: compileSnippet
  api=4 type=1 insize=816 outsize=3159 kw=DIRECTIONAL_COOKIE SHADOWS_SCREEN pd= ok=1
Cmd: compileSnippet
  api=8 type=1 insize=816 outsize=5720 kw=POINT_COOKIE SHADOWS_CUBE pd=UNITY_NO_SCREENSPACE_SHADOWS UNITY_NO_LINEAR_COLORSPACE ok=1
Cmd: compileSnippet
  api=4 type=0 insize=600 outsize=1420 kw=SHADOWS_CUBE pd= ok=1
Cmd: compileSnippet
  api=8 type=1 insize=600 outsize=601 kw=SHADOWS_DEPTH pd=UNITY_NO_SCREENSPACE_SHADOWS UNITY_NO_LINEAR_COLORSPACE ok=1
Cmd: compileSnippet
  api=8 type=0 insize=13030 outsize=18029 kw=_SUNDISK_SIMPLE pd=UNITY_NO_SCREENSPACE_SHADOWS UNITY_NO_LINEAR_COLORSPACE ok=1
Cmd: compileSnippet
  api=4 type=0 insize=13030 outsize=11024 kw=UNITY_COLORSPACE_GAMMA _SUNDISK_HIGH_QUALITY pd= ok=1
Cmd: compileSnippet
  api=4 type=1 insize=13030 outsize=1859 kw=_SUNDISK_SIMPLE pd= ok=1
Cmd: compileSnippet
  api=8 type=1 insize=13030 outsize=3575 kw=_SUNDISK_HIGH_QUALITY pd=UNITY_NO_SCREENSPACE_SHADOWS UNITY_NO_LINEAR_COLORSPACE ok=1
Cmd: compileSnippet
  api=8 type=1 insize=990 outsize=1024 kw= pd=UNITY_NO_SCREENSPACE_SHADOWS UNITY_NO_LINEAR_COLORSPACE ok=1
Cmd: compileSnippet
  api=8 type=0 insize=4597 outsize=6045 kw= pd=UNITY_NO_SCREENSPACE_SHADOWS UNITY_NO_LINEAR_COLORSPACE ok=1
Cmd: compileSnippet
  api=4 type=1 insize=4597 outsize=981 kw= pd= ok=1
Cmd: compileSnippet
  api=4 type=1 insize=4597 outsize=981 kw=SPOT pd= ok=1
Cmd: compileSnippet
  api=4 type=0 insize=541 outsize=1420 kw=SHADOWS_CUBE pd= ok=1
Cmd: compileSnippet
  api=8 type=1 insize=541 outsize=674 kw=SHADOWS_DEPTH pd=UNITY_NO_SCREENSPACE_SHADOWS UNITY_NO_LINEAR_COLORSPACE ok=1
Cmd: compileSnippet
  api=4 type=0 insize=6895 outsize=5117 kw=DIRECTIONAL SHADOWS_OFF LIGHTMAP_OFF DIRLIGHTMAP_OFF DYNAMICLIGHTMAP_OFF VERTEXLIGHT_ON pd= ok=1
Cmd: compileSnippet
  api=8 type=0 insize=6895 outsize=6289 kw=DIRECTIONAL SHADOWS_SCREEN SHADOWS_NATIVE LIGHTMAP_OFF DIRLIGHTMAP_OFF DYNAMICLIGHTMAP_OFF pd=UNITY_NO_SCREENSPACE_SHADOWS UNITY_NO_LINEAR_COLORSPACE ok=1
Cmd: compileSnippet
  api=8 type=1 insize=6895 outsize=2665 kw=DIRECTIONAL SHADOWS_SCREEN SHADOWS_NATIVE LIGHTMAP_OFF DIRLIGHTMAP_OFF DYNAMICLIGHTMAP_OFF pd=UNITY_NO_SCREENSPACE_SHADOWS UNITY_NO_LINEAR_COLORSPACE ok=1
Cmd: compileSnippet
  api=8 type=0 insize=3666 outsize=3892 kw=DIRECTIONAL pd=UNITY_NO_SCREENSPACE_SHADOWS UNITY_NO_LINEAR_COLORSPACE ok=1
Cmd: compileSnippet
  api=8 type=0 insize=3666 outsize=3892 kw=POINT_COOKIE pd=UNITY_NO_SCREENSPACE_SHADOWS UNITY_NO_LINEAR_COLORSPACE ok=1
Cmd: compileSnippet
  api=8 type=1 insize=3666 outsize=2876 kw=POINT pd=UNITY_NO_SCREENSPACE_SHADOWS UNITY_NO_LINEAR_COLORSPACE ok=1
Cmd: compileSnippet
  api=8 type=1 insize=3666 outsize=3185 kw=POINT_COOKIE pd=UNITY_NO_SCREENSPACE_SHADOWS UNITY_NO_LINEAR_COLORSPACE ok=1
Cmd: compileSnippet
  api=8 type=0 insize=2873 outsize=3583 kw= pd=UNITY_NO_SCREENSPACE_SHADOWS UNITY_NO_LINEAR_COLORSPACE ok=1
Cmd: compileSnippet
  api=8 type=0 insize=5933 outsize=5826 kw=LIGHTMAP_OFF DIRLIGHTMAP_OFF DYNAMICLIGHTMAP_OFF HDR_LIGHT_PREPASS_OFF pd=UNITY_NO_SCREENSPACE_SHADOWS UNITY_NO_LINEAR_COLORSPACE ok=1
Cmd: compileSnippet
  api=4 type=1 insize=5933 outsize=1314 kw=LIGHTMAP_OFF DIRLIGHTMAP_OFF DYNAMICLIGHTMAP_OFF UNITY_HDR_ON pd= ok=1
Cmd: compileSnippet
  api=8 type=0 insize=5997 outsize=5395 kw=LIGHTMAP_OFF DIRLIGHTMAP_OFF DYNAMICLIGHTMAP_OFF HDR_LIGHT_PREPASS_OFF pd=UNITY_NO_SCREENSPACE_SHADOWS UNITY_NO_LINEAR_COLORSPACE ok=1
Cmd: compileSnippet
  api=4 type=1 insize=5997 outsize=1599 kw=LIGHTMAP_OFF DIRLIGHTMAP_OFF DYNAMICLIGHTMAP_OFF UNITY_HDR_ON pd= ok=1
Cmd: compileSnippet
  api=4 type=0 insize=1275 outsize=1956 kw=SPOT SHADOWS_OFF pd= ok=1
Cmd: compileSnippet
  api=4 type=0 insize=1275 outsize=1956 kw=DIRECTIONAL_COOKIE SHADOWS_SCREEN pd= ok=1
Cmd: compileSnippet
  api=4 type=0 insize=1275 outsize=1956 kw=SPOT SHADOWS_DEPTH SHADOWS_SOFT SHADOWS_NATIVE pd= ok=1
Cmd: compileSnippet
  api=4 type=1 insize=1275 outsize=5206 kw=SPOT SHADOWS_OFF pd= ok=1
Cmd: compileSnippet
  api=4 type=1 insize=1275 outsize=6059 kw=SPOT SHADOWS_DEPTH SHADOWS_NATIVE pd= ok=1
Cmd: compileSnippet
  api=4 type=1 insize=1275 outsize=5515 kw=POINT_COOKIE SHADOWS_CUBE pd= ok=1
Cmd: compileSnippet
  api=4 type=0 insize=1268 outsize=1956 kw=DIRECTIONAL SHADOWS_OFF pd= ok=1
Cmd: compileSnippet
  api=4 type=0 insize=1268 outsize=1956 kw=DIRECTIONAL_COOKIE SHADOWS_SCREEN pd= ok=1
Cmd: compileSnippet
  api=4 type=0 insize=1268 outsize=1956 kw=SPOT SHADOWS_DEPTH SHADOWS_SOFT SHADOWS_NATIVE pd= ok=1
Cmd: compileSnippet
  api=4 type=1 insize=1268 outsize=4946 kw=POINT_COOKIE SHADOWS_OFF pd= ok=1
Cmd: compileSnippet
  api=4 type=1 insize=1268 outsize=4816 kw=DIRECTIONAL_COOKIE SHADOWS_SCREEN pd= ok=1
Cmd: compileSnippet
  api=4 type=1 insize=1268 outsize=5759 kw=POINT SHADOWS_CUBE SHADOWS_SOFT pd= ok=1
Cmd: compileSnippet
  api=4 type=0 insize=1273 outsize=1956 kw=DIRECTIONAL SHADOWS_OFF pd= ok=1
Cmd: compileSnippet
  api=4 type=0 insize=1273 outsize=1956 kw=DIRECTIONAL_COOKIE SHADOWS_OFF pd= ok=1
Cmd: compileSnippet
  api=4 type=0 insize=1273 outsize=1956 kw=POINT_COOKIE SHADOWS_CUBE pd= ok=1
Cmd: compileSnippet
  api=4 type=1 insize=1273 outsize=5158 kw=SPOT SHADOWS_OFF pd= ok=1
Cmd: compileSnippet
  api=4 type=1 insize=1273 outsize=4816 kw=DIRECTIONAL_COOKIE SHADOWS_SCREEN pd= ok=1
Cmd: compileSnippet
  api=4 type=1 insize=1273 outsize=5759 kw=POINT SHADOWS_CUBE SHADOWS_SOFT pd= ok=1
Cmd: compileSnippet
  api=4 type=0 insize=1934 outsize=1956 kw=SPOT SHADOWS_OFF pd= ok=1
Cmd: compileSnippet
  api=4 type=0 insize=1934 outsize=1956 kw=DIRECTIONAL_COOKIE SHADOWS_OFF pd= ok=1
Cmd: compileSnippet
  api=4 type=0 insize=1934 outsize=1956 kw=POINT SHADOWS_CUBE pd= ok=1
Cmd: compileSnippet
  api=4 type=0 insize=1934 outsize=1956 kw=POINT_COOKIE SHADOWS_CUBE SHADOWS_SOFT pd= ok=1
Cmd: compileSnippet
  api=4 type=0 insize=1934 outsize=1956 kw=POINT_COOKIE SHADOWS_OFF UNITY_HDR_ON pd= ok=1
Cmd: compileSnippet
  api=4 type=0 insize=1934 outsize=1956 kw=DIRECTIONAL_COOKIE SHADOWS_SCREEN UNITY_HDR_ON pd= ok=1
Cmd: compileSnippet
  api=4 type=0 insize=1934 outsize=1956 kw=POINT SHADOWS_CUBE SHADOWS_SOFT UNITY_HDR_ON pd= ok=1
Cmd: compileSnippet
  api=4 type=1 insize=1934 outsize=6189 kw=DIRECTIONAL SHADOWS_OFF pd= ok=1
Cmd: compileSnippet
  api=4 type=1 insize=1934 outsize=6848 kw=DIRECTIONAL SHADOWS_SCREEN pd= ok=1
Cmd: compileSnippet
  api=4 type=1 insize=1934 outsize=9147 kw=SPOT SHADOWS_DEPTH SHADOWS_SOFT SHADOWS_NATIVE pd= ok=1
Cmd: compileSnippet
  api=4 type=1 insize=1934 outsize=7270 kw=SPOT SHADOWS_OFF UNITY_HDR_ON pd= ok=1
Cmd: compileSnippet
  api=4 type=1 insize=1934 outsize=7254 kw=DIRECTIONAL_COOKIE SHADOWS_SCREEN UNITY_HDR_ON pd= ok=1
Cmd: compileSnippet
  api=4 type=1 insize=1934 outsize=9098 kw=SPOT SHADOWS_DEPTH SHADOWS_SOFT SHADOWS_NATIVE UNITY_HDR_ON pd= ok=1
Cmd: compileSnippet
  api=4 type=0 insize=823 outsize=1209 kw=UNITY_HDR_ON pd= ok=1
Cmd: compileSnippet
  api=8 type=0 insize=1420 outsize=1934 kw= pd=UNITY_NO_SCREENSPACE_SHADOWS UNITY_NO_LINEAR_COLORSPACE ok=1
Cmd: compileSnippet
  api=8 type=0 insize=1032 outsize=1454 kw= pd=UNITY_NO_SCREENSPACE_SHADOWS UNITY_NO_LINEAR_COLORSPACE ok=1
Unhandled exception: Readfile from pipe failed. GLE=The pipe has been ended.


Quitting shader compiler process
